STARTING BUILD...
Key length: 43
Processing: Andhra Pradesh
Processing: Arunachal Pradesh
Processing: Assam
Processing: Bihar
Processing: Chhattisgarh
Processing: Goa
Processing: Gujarat
Processing: Haryana
Processing: Himachal Pradesh
Processing: Jharkhand
Processing: Karnataka
Processing: Kerala
Processing: Madhya Pradesh
Processing: Maharashtra
Processing: Manipur
Processing: Meghalaya
Processing: Mizoram
Processing: Nagaland
Processing: Odisha
Processing: Punjab
Processing: Rajasthan
Processing: Sikkim
Processing: Tamil Nadu
Processing: Telangana
Processing: Tripura
Processing: Uttar Pradesh
Processing: Uttarakhand
Processing: West Bengal
Processing: Andaman and Nicobar Islands
Processing: Chandigarh
Processing: Dadra and Nagar Haveli and Daman and Diu
Processing: Delhi
Processing: Jammu and Kashmir
Processing: Ladakh
Processing: Lakshadweep
Processing: Puducherry
WROTE C:\Users\AT707\OneDrive\Desktop\DEVLOPMENENT\SECRET EYE\Ekadanta\New folder\Ayush23\assets\data\indiaStates.json ( 36 items )
